<component name="ProjectRunConfigurationManager">
  <configuration default="false" name="JUnitAllClassTest" type="JUnit" factoryName="JUnit">
    <module name="LAB3" />
    <extension name="coverage">
      <pattern>
        <option name="PATTERN" value="main.java.com.company.UnitTests.*" />
        <option name="ENABLED" value="true" />
      </pattern>
      <pattern>
        <option name="PATTERN" value="main.java.com.company.SortAlgorithms.*" />
        <option name="ENABLED" value="true" />
      </pattern>
      <pattern>
        <option name="PATTERN" value="main.java.com.company.LabEx.*" />
        <option name="ENABLED" value="true" />
      </pattern>
      <pattern>
        <option name="PATTERN" value="main.java.com.company.Exceptions.*" />
        <option name="ENABLED" value="true" />
      </pattern>
    </extension>
    <option name="PACKAGE_NAME" value="main.java.com.company.UnitTests" />
    <option name="MAIN_CLASS_NAME" value="" />
    <option name="METHOD_NAME" value="" />
    <option name="TEST_OBJECT" value="package" />
    <method v="2">
      <option name="Make" enabled="true" />
    </method>
  </configuration>
</component>